  1 File(s) copied
  2 File(s) copied
  4 File(s) copied
  2 File(s) copied
  2 File(s) copied
  3 File(s) copied
  1 File(s) copied
  2 File(s) copied
  2 File(s) copied
  2 File(s) copied
  2 File(s) copied
  2 File(s) copied
  2 File(s) copied
  6 File(s) copied
  2 File(s) copied
  2 File(s) copied
libbullet.lib(btAlignedAllocator.obj) : warning LNK4075: ignoring '/EDITANDCONTINUE' due to '/OPT:LBR' specification
     Creating library C:\Users\EMRE\Documents\info 4152\shade\Shade\proj.win32\Debug.win32\libcocos2d.lib and object C:\Users\EMRE\Documents\info 4152\shade\Shade\proj.win32\Debug.win32\libcocos2d.exp
LINK : warning LNK4098: defaultlib 'LIBCMT' conflicts with use of other libs; use /NODEFAULTLIB:library
LINK : warning LNK4098: defaultlib 'MSVCRT' conflicts with use of other libs; use /NODEFAULTLIB:library
libtiff-2015.lib(tif_aux.obj) : warning LNK4204: 'C:\Users\EMRE\Documents\info 4152\shade\Shade\proj.win32\Debug.win32\vc140.pdb' is missing debugging information for referencing module; linking object as if no debug info
libtiff-2015.lib(tif_close.obj) : warning LNK4204: 'C:\Users\EMRE\Documents\info 4152\shade\Shade\proj.win32\Debug.win32\vc140.pdb' is missing debugging information for referencing module; linking object as if no debug info
libtiff-2015.lib(tif_codec.obj) : warning LNK4204: 'C:\Users\EMRE\Documents\info 4152\shade\Shade\proj.win32\Debug.win32\vc140.pdb' is missing debugging information for referencing module; linking object as if no debug info
libtiff-2015.lib(tif_color.obj) : warning LNK4204: 'C:\Users\EMRE\Documents\info 4152\shade\Shade\proj.win32\Debug.win32\vc140.pdb' is missing debugging information for referencing module; linking object as if no debug info
libtiff-2015.lib(tif_compress.obj) : warning LNK4204: 'C:\Users\EMRE\Documents\info 4152\shade\Shade\proj.win32\Debug.win32\vc140.pdb' is missing debugging information for referencing module; linking object as if no debug info
libtiff-2015.lib(tif_dir.obj) : warning LNK4204: 'C:\Users\EMRE\Documents\info 4152\shade\Shade\proj.win32\Debug.win32\vc140.pdb' is missing debugging information for referencing module; linking object as if no debug info
libtiff-2015.lib(tif_dirinfo.obj) : warning LNK4204: 'C:\Users\EMRE\Documents\info 4152\shade\Shade\proj.win32\Debug.win32\vc140.pdb' is missing debugging information for referencing module; linking object as if no debug info
libtiff-2015.lib(tif_dirread.obj) : warning LNK4204: 'C:\Users\EMRE\Documents\info 4152\shade\Shade\proj.win32\Debug.win32\vc140.pdb' is missing debugging information for referencing module; linking object as if no debug info
libtiff-2015.lib(tif_dirwrite.obj) : warning LNK4204: 'C:\Users\EMRE\Documents\info 4152\shade\Shade\proj.win32\Debug.win32\vc140.pdb' is missing debugging information for referencing module; linking object as if no debug info
libtiff-2015.lib(tif_dumpmode.obj) : warning LNK4204: 'C:\Users\EMRE\Documents\info 4152\shade\Shade\proj.win32\Debug.win32\vc140.pdb' is missing debugging information for referencing module; linking object as if no debug info
libtiff-2015.lib(tif_error.obj) : warning LNK4204: 'C:\Users\EMRE\Documents\info 4152\shade\Shade\proj.win32\Debug.win32\vc140.pdb' is missing debugging information for referencing module; linking object as if no debug info
libtiff-2015.lib(tif_fax3.obj) : warning LNK4204: 'C:\Users\EMRE\Documents\info 4152\shade\Shade\proj.win32\Debug.win32\vc140.pdb' is missing debugging information for referencing module; linking object as if no debug info
libtiff-2015.lib(tif_fax3sm.obj) : warning LNK4204: 'C:\Users\EMRE\Documents\info 4152\shade\Shade\proj.win32\Debug.win32\vc140.pdb' is missing debugging information for referencing module; linking object as if no debug info
libtiff-2015.lib(tif_getimage.obj) : warning LNK4204: 'C:\Users\EMRE\Documents\info 4152\shade\Shade\proj.win32\Debug.win32\vc140.pdb' is missing debugging information for referencing module; linking object as if no debug info
libtiff-2015.lib(tif_flush.obj) : warning LNK4204: 'C:\Users\EMRE\Documents\info 4152\shade\Shade\proj.win32\Debug.win32\vc140.pdb' is missing debugging information for referencing module; linking object as if no debug info
libtiff-2015.lib(tif_luv.obj) : warning LNK4204: 'C:\Users\EMRE\Documents\info 4152\shade\Shade\proj.win32\Debug.win32\vc140.pdb' is missing debugging information for referencing module; linking object as if no debug info
libtiff-2015.lib(tif_lzw.obj) : warning LNK4204: 'C:\Users\EMRE\Documents\info 4152\shade\Shade\proj.win32\Debug.win32\vc140.pdb' is missing debugging information for referencing module; linking object as if no debug info
libtiff-2015.lib(tif_next.obj) : warning LNK4204: 'C:\Users\EMRE\Documents\info 4152\shade\Shade\proj.win32\Debug.win32\vc140.pdb' is missing debugging information for referencing module; linking object as if no debug info
libtiff-2015.lib(tif_open.obj) : warning LNK4204: 'C:\Users\EMRE\Documents\info 4152\shade\Shade\proj.win32\Debug.win32\vc140.pdb' is missing debugging information for referencing module; linking object as if no debug info
libtiff-2015.lib(tif_packbits.obj) : warning LNK4204: 'C:\Users\EMRE\Documents\info 4152\shade\Shade\proj.win32\Debug.win32\vc140.pdb' is missing debugging information for referencing module; linking object as if no debug info
libtiff-2015.lib(tif_predict.obj) : warning LNK4204: 'C:\Users\EMRE\Documents\info 4152\shade\Shade\proj.win32\Debug.win32\vc140.pdb' is missing debugging information for referencing module; linking object as if no debug info
libtiff-2015.lib(tif_read.obj) : warning LNK4204: 'C:\Users\EMRE\Documents\info 4152\shade\Shade\proj.win32\Debug.win32\vc140.pdb' is missing debugging information for referencing module; linking object as if no debug info
libtiff-2015.lib(tif_swab.obj) : warning LNK4204: 'C:\Users\EMRE\Documents\info 4152\shade\Shade\proj.win32\Debug.win32\vc140.pdb' is missing debugging information for referencing module; linking object as if no debug info
libtiff-2015.lib(tif_strip.obj) : warning LNK4204: 'C:\Users\EMRE\Documents\info 4152\shade\Shade\proj.win32\Debug.win32\vc140.pdb' is missing debugging information for referencing module; linking object as if no debug info
libtiff-2015.lib(tif_thunder.obj) : warning LNK4204: 'C:\Users\EMRE\Documents\info 4152\shade\Shade\proj.win32\Debug.win32\vc140.pdb' is missing debugging information for referencing module; linking object as if no debug info
libtiff-2015.lib(tif_tile.obj) : warning LNK4204: 'C:\Users\EMRE\Documents\info 4152\shade\Shade\proj.win32\Debug.win32\vc140.pdb' is missing debugging information for referencing module; linking object as if no debug info
libtiff-2015.lib(tif_warning.obj) : warning LNK4204: 'C:\Users\EMRE\Documents\info 4152\shade\Shade\proj.win32\Debug.win32\vc140.pdb' is missing debugging information for referencing module; linking object as if no debug info
libtiff-2015.lib(tif_write.obj) : warning LNK4204: 'C:\Users\EMRE\Documents\info 4152\shade\Shade\proj.win32\Debug.win32\vc140.pdb' is missing debugging information for referencing module; linking object as if no debug info
libtiff-2015.lib(tif_win32.obj) : warning LNK4204: 'C:\Users\EMRE\Documents\info 4152\shade\Shade\proj.win32\Debug.win32\vc140.pdb' is missing debugging information for referencing module; linking object as if no debug info
  libcocos2d.vcxproj -> C:\Users\EMRE\Documents\info 4152\shade\Shade\proj.win32\Debug.win32\libcocos2d.dll
