c:\users\emre\documents\ınfo 4152\shade\shade\cocos2d\cocos\edıtor-support\spıne\proj.wın32\debug.wın32\anımatıonstate.obj
c:\users\emre\documents\ınfo 4152\shade\shade\cocos2d\cocos\edıtor-support\spıne\proj.wın32\debug.wın32\attachmentloader.obj
c:\users\emre\documents\ınfo 4152\shade\shade\cocos2d\cocos\edıtor-support\spıne\proj.wın32\debug.wın32\eventdata.obj
c:\users\emre\documents\ınfo 4152\shade\shade\cocos2d\cocos\edıtor-support\spıne\proj.wın32\debug.wın32\json.obj
c:\users\emre\documents\ınfo 4152\shade\shade\cocos2d\cocos\edıtor-support\spıne\proj.wın32\debug.wın32\skeletonbounds.obj
c:\users\emre\documents\ınfo 4152\shade\shade\cocos2d\cocos\edıtor-support\spıne\proj.wın32\debug.wın32\skınnedmeshattachment.obj
c:\users\emre\documents\ınfo 4152\shade\shade\cocos2d\cocos\edıtor-support\spıne\proj.wın32\debug.wın32\atlas.obj
c:\users\emre\documents\ınfo 4152\shade\shade\cocos2d\cocos\edıtor-support\spıne\proj.wın32\debug.wın32\attachment.obj
c:\users\emre\documents\ınfo 4152\shade\shade\cocos2d\cocos\edıtor-support\spıne\proj.wın32\debug.wın32\bonedata.obj
c:\users\emre\documents\ınfo 4152\shade\shade\cocos2d\cocos\edıtor-support\spıne\proj.wın32\debug.wın32\extensıon.obj
c:\users\emre\documents\ınfo 4152\shade\shade\cocos2d\cocos\edıtor-support\spıne\proj.wın32\debug.wın32\meshattachment.obj
c:\users\emre\documents\ınfo 4152\shade\shade\cocos2d\cocos\edıtor-support\spıne\proj.wın32\debug.wın32\skeletondata.obj
c:\users\emre\documents\ınfo 4152\shade\shade\cocos2d\cocos\edıtor-support\spıne\proj.wın32\debug.wın32\slot.obj
c:\users\emre\documents\ınfo 4152\shade\shade\cocos2d\cocos\edıtor-support\spıne\proj.wın32\debug.wın32\anımatıonstatedata.obj
c:\users\emre\documents\ınfo 4152\shade\shade\cocos2d\cocos\edıtor-support\spıne\proj.wın32\debug.wın32\atlasattachmentloader.obj
c:\users\emre\documents\ınfo 4152\shade\shade\cocos2d\cocos\edıtor-support\spıne\proj.wın32\debug.wın32\boundıngboxattachment.obj
c:\users\emre\documents\ınfo 4152\shade\shade\cocos2d\cocos\edıtor-support\spıne\proj.wın32\debug.wın32\ıkconstraınt.obj
c:\users\emre\documents\ınfo 4152\shade\shade\cocos2d\cocos\edıtor-support\spıne\proj.wın32\debug.wın32\skeleton.obj
c:\users\emre\documents\ınfo 4152\shade\shade\cocos2d\cocos\edıtor-support\spıne\proj.wın32\debug.wın32\skın.obj
c:\users\emre\documents\ınfo 4152\shade\shade\cocos2d\cocos\edıtor-support\spıne\proj.wın32\debug.wın32\slotdata.obj
c:\users\emre\documents\ınfo 4152\shade\shade\cocos2d\cocos\edıtor-support\spıne\proj.wın32\debug.wın32\anımatıon.obj
c:\users\emre\documents\ınfo 4152\shade\shade\cocos2d\cocos\edıtor-support\spıne\proj.wın32\debug.wın32\bone.obj
c:\users\emre\documents\ınfo 4152\shade\shade\cocos2d\cocos\edıtor-support\spıne\proj.wın32\debug.wın32\event.obj
c:\users\emre\documents\ınfo 4152\shade\shade\cocos2d\cocos\edıtor-support\spıne\proj.wın32\debug.wın32\ıkconstraıntdata.obj
c:\users\emre\documents\ınfo 4152\shade\shade\cocos2d\cocos\edıtor-support\spıne\proj.wın32\debug.wın32\regıonattachment.obj
c:\users\emre\documents\ınfo 4152\shade\shade\cocos2d\cocos\edıtor-support\spıne\proj.wın32\debug.wın32\skeletonjson.obj
c:\users\emre\documents\ınfo 4152\shade\shade\cocos2d\cocos\edıtor-support\spıne\proj.wın32\debug.wın32\lıbspıne.pdb
c:\users\emre\documents\ınfo 4152\shade\shade\cocos2d\cocos\edıtor-support\spıne\proj.wın32\debug.wın32\spıne-cocos2dx.obj
c:\users\emre\documents\ınfo 4152\shade\shade\cocos2d\cocos\edıtor-support\spıne\proj.wın32\debug.wın32\polygonbatch.obj
c:\users\emre\documents\ınfo 4152\shade\shade\cocos2d\cocos\edıtor-support\spıne\proj.wın32\debug.wın32\skeletonanımatıon.obj
c:\users\emre\documents\ınfo 4152\shade\shade\cocos2d\cocos\edıtor-support\spıne\proj.wın32\debug.wın32\skeletonrenderer.obj
c:\users\emre\documents\ınfo 4152\shade\shade\proj.wın32\debug.wın32\lıbspıne.lıb
c:\users\emre\documents\info 4152\shade\shade\cocos2d\cocos\editor-support\spine\proj.win32\debug.win32\animation.obj
c:\users\emre\documents\info 4152\shade\shade\cocos2d\cocos\editor-support\spine\proj.win32\debug.win32\animationstate.obj
c:\users\emre\documents\info 4152\shade\shade\cocos2d\cocos\editor-support\spine\proj.win32\debug.win32\animationstatedata.obj
c:\users\emre\documents\info 4152\shade\shade\cocos2d\cocos\editor-support\spine\proj.win32\debug.win32\atlas.obj
c:\users\emre\documents\info 4152\shade\shade\cocos2d\cocos\editor-support\spine\proj.win32\debug.win32\atlasattachmentloader.obj
c:\users\emre\documents\info 4152\shade\shade\cocos2d\cocos\editor-support\spine\proj.win32\debug.win32\attachment.obj
c:\users\emre\documents\info 4152\shade\shade\cocos2d\cocos\editor-support\spine\proj.win32\debug.win32\attachmentloader.obj
c:\users\emre\documents\info 4152\shade\shade\cocos2d\cocos\editor-support\spine\proj.win32\debug.win32\bone.obj
c:\users\emre\documents\info 4152\shade\shade\cocos2d\cocos\editor-support\spine\proj.win32\debug.win32\bonedata.obj
c:\users\emre\documents\info 4152\shade\shade\cocos2d\cocos\editor-support\spine\proj.win32\debug.win32\boundingboxattachment.obj
c:\users\emre\documents\info 4152\shade\shade\cocos2d\cocos\editor-support\spine\proj.win32\debug.win32\event.obj
c:\users\emre\documents\info 4152\shade\shade\cocos2d\cocos\editor-support\spine\proj.win32\debug.win32\eventdata.obj
c:\users\emre\documents\info 4152\shade\shade\cocos2d\cocos\editor-support\spine\proj.win32\debug.win32\extension.obj
c:\users\emre\documents\info 4152\shade\shade\cocos2d\cocos\editor-support\spine\proj.win32\debug.win32\ıkconstraint.obj
c:\users\emre\documents\info 4152\shade\shade\cocos2d\cocos\editor-support\spine\proj.win32\debug.win32\ıkconstraintdata.obj
c:\users\emre\documents\info 4152\shade\shade\cocos2d\cocos\editor-support\spine\proj.win32\debug.win32\json.obj
c:\users\emre\documents\info 4152\shade\shade\cocos2d\cocos\editor-support\spine\proj.win32\debug.win32\meshattachment.obj
c:\users\emre\documents\info 4152\shade\shade\cocos2d\cocos\editor-support\spine\proj.win32\debug.win32\polygonbatch.obj
c:\users\emre\documents\info 4152\shade\shade\cocos2d\cocos\editor-support\spine\proj.win32\debug.win32\regionattachment.obj
c:\users\emre\documents\info 4152\shade\shade\cocos2d\cocos\editor-support\spine\proj.win32\debug.win32\skeleton.obj
c:\users\emre\documents\info 4152\shade\shade\cocos2d\cocos\editor-support\spine\proj.win32\debug.win32\skeletonanimation.obj
c:\users\emre\documents\info 4152\shade\shade\cocos2d\cocos\editor-support\spine\proj.win32\debug.win32\skeletonbounds.obj
c:\users\emre\documents\info 4152\shade\shade\cocos2d\cocos\editor-support\spine\proj.win32\debug.win32\skeletondata.obj
c:\users\emre\documents\info 4152\shade\shade\cocos2d\cocos\editor-support\spine\proj.win32\debug.win32\skeletonjson.obj
c:\users\emre\documents\info 4152\shade\shade\cocos2d\cocos\editor-support\spine\proj.win32\debug.win32\skeletonrenderer.obj
c:\users\emre\documents\info 4152\shade\shade\cocos2d\cocos\editor-support\spine\proj.win32\debug.win32\skin.obj
c:\users\emre\documents\info 4152\shade\shade\cocos2d\cocos\editor-support\spine\proj.win32\debug.win32\skinnedmeshattachment.obj
c:\users\emre\documents\info 4152\shade\shade\cocos2d\cocos\editor-support\spine\proj.win32\debug.win32\slot.obj
c:\users\emre\documents\info 4152\shade\shade\cocos2d\cocos\editor-support\spine\proj.win32\debug.win32\slotdata.obj
c:\users\emre\documents\info 4152\shade\shade\cocos2d\cocos\editor-support\spine\proj.win32\debug.win32\spine-cocos2dx.obj
c:\users\emre\documents\info 4152\shade\shade\cocos2d\cocos\editor-support\spine\proj.win32\debug.win32\libspine.idb
c:\users\emre\documents\info 4152\shade\shade\cocos2d\cocos\editor-support\spine\proj.win32\debug.win32\libspine.pdb
c:\users\emre\documents\info 4152\shade\shade\proj.win32\debug.win32\libspine.lib
c:\users\emre\documents\info 4152\shade\shade\cocos2d\cocos\editor-support\spine\proj.win32\debug.win32\libspine.tlog\cl.command.1.tlog
c:\users\emre\documents\info 4152\shade\shade\cocos2d\cocos\editor-support\spine\proj.win32\debug.win32\libspine.tlog\cl.read.1.tlog
c:\users\emre\documents\info 4152\shade\shade\cocos2d\cocos\editor-support\spine\proj.win32\debug.win32\libspine.tlog\cl.write.1.tlog
c:\users\emre\documents\info 4152\shade\shade\cocos2d\cocos\editor-support\spine\proj.win32\debug.win32\libspine.tlog\lib-link.read.1.tlog
c:\users\emre\documents\info 4152\shade\shade\cocos2d\cocos\editor-support\spine\proj.win32\debug.win32\libspine.tlog\lib-link.write.1.tlog
c:\users\emre\documents\info 4152\shade\shade\cocos2d\cocos\editor-support\spine\proj.win32\debug.win32\libspine.tlog\lib.command.1.tlog
